<?xml version="1.0" encoding="utf-8"?><testsuites name="pytest tests"><testsuite name="pytest" errors="0" failures="0" skipped="0" tests="14" time="20.147" timestamp="2026-03-11T19:05:00.291639+00:00" hostname="agent-env-c45d0559-7143-4802-a9d5-7806d37ca0f0"><testcase classname="backend.tests.test_linea_negocio.TestSchemaTablesAPI" name="test_x_linea_negocio_table_exists" time="7.334" /><testcase classname="backend.tests.test_linea_negocio.TestSchemaTablesAPI" name="test_product_template_has_20_columns" time="7.127" /><testcase classname="backend.tests.test_linea_negocio.TestJobStatusAPI" name="test_job_status_returns_10_jobs" time="1.289" /><testcase classname="backend.tests.test_linea_negocio.TestJobStatusAPI" name="test_x_linea_negocio_job_exists" time="1.543" /><testcase classname="backend.tests.test_linea_negocio.TestJobStatusAPI" name="test_x_linea_negocio_job_config" time="1.272" /><testcase classname="backend.tests.test_linea_negocio.TestJobStatusAPI" name="test_all_10_expected_jobs_present" time="1.324" /><testcase classname="backend.tests.test_linea_negocio.TestSyncRunAPI" name="test_run_x_linea_negocio_returns_success" time="0.148" /><testcase classname="backend.tests.test_linea_negocio.TestCodeReview" name="test_purchase_ok_filter_removed" time="0.000" /><testcase classname="backend.tests.test_linea_negocio.TestCodeReview" name="test_linea_negocio_fields_in_sync_engine" time="0.000" /><testcase classname="backend.tests.test_linea_negocio.TestCodeReview" name="test_x_linea_negocio_sync_method_exists" time="0.000" /><testcase classname="backend.tests.test_linea_negocio.TestMigrationScript" name="test_x_linea_negocio_table_ddl_exists" time="0.000" /><testcase classname="backend.tests.test_linea_negocio.TestMigrationScript" name="test_linea_negocio_id_column_ddl_exists" time="0.000" /><testcase classname="backend.tests.test_linea_negocio.TestMigrationScript" name="test_x_linea_negocio_job_seed_exists" time="0.000" /><testcase classname="backend.tests.test_linea_negocio.TestMigrationScript" name="test_odoo_tables_list_includes_x_linea_negocio" time="0.000" /></testsuite></testsuites>