<?xml version="1.0" encoding="utf-8"?><testsuites name="pytest tests"><testsuite name="pytest" errors="0" failures="0" skipped="0" tests="8" time="32.239" timestamp="2026-02-13T18:11:05.668982+00:00" hostname="agent-env-66755f1f-df6d-429e-bfed-fd0add70251e"><testcase classname="tests.test_tipo_field.TestTipoFieldInPosLinesFull" name="test_pos_lines_full_returns_tipo_field" time="3.482" /><testcase classname="tests.test_tipo_field.TestTipoFieldInPosLinesFull" name="test_pos_lines_tipo_filter_works" time="6.604" /><testcase classname="tests.test_tipo_field.TestTipoFieldInPosLinesFull" name="test_pos_lines_tipo_has_correct_values" time="3.573" /><testcase classname="tests.test_tipo_field.TestTipoFieldInStockByProduct" name="test_stock_by_product_returns_tipo_field" time="1.526" /><testcase classname="tests.test_tipo_field.TestTipoFieldInStockByProduct" name="test_stock_by_product_tipo_has_values_when_product_exists" time="1.477" /><testcase classname="tests.test_tipo_field.TestTipoFieldInStockByLocation" name="test_stock_by_location_returns_tipo_field" time="1.469" /><testcase classname="tests.test_tipo_field.TestTipoFieldInStockByLocation" name="test_stock_by_location_tipo_has_values_when_product_exists" time="1.663" /><testcase classname="tests.test_tipo_field.TestProductTemplateDirectly" name="test_health_endpoint_shows_product_template_data" time="12.392" /></testsuite></testsuites>