<?xml version="1.0" encoding="utf-8"?><testsuites name="pytest tests"><testsuite name="pytest" errors="0" failures="0" skipped="0" tests="19" time="17.376" timestamp="2026-03-02T06:41:23.710437+00:00" hostname="agent-env-4ea19bae-aad7-45b8-9a2a-5791e44d188c"><testcase classname="backend.tests.test_sync_control.TestOdooSyncJobStatus" name="test_get_all_jobs_returns_200" time="1.345" /><testcase classname="backend.tests.test_sync_control.TestOdooSyncJobStatus" name="test_get_all_jobs_contains_expected_job_codes" time="1.238" /><testcase classname="backend.tests.test_sync_control.TestOdooSyncJobStatus" name="test_get_all_jobs_returns_last_runs" time="1.243" /><testcase classname="backend.tests.test_sync_control.TestOdooSyncJobStatus" name="test_get_all_jobs_returns_running_jobs" time="1.243" /><testcase classname="backend.tests.test_sync_control.TestOdooSyncJobStatus" name="test_job_has_required_fields" time="1.296" /><testcase classname="backend.tests.test_sync_control.TestOdooSyncJobStatus" name="test_get_specific_job_products" time="1.118" /><testcase classname="backend.tests.test_sync_control.TestOdooSyncJobStatus" name="test_get_specific_job_has_last_run" time="1.127" /><testcase classname="backend.tests.test_sync_control.TestOdooSyncJobStatus" name="test_get_nonexistent_job_returns_error" time="0.980" /><testcase classname="backend.tests.test_sync_control.TestOdooSyncRun" name="test_run_endpoint_accepts_request" time="0.109" /><testcase classname="backend.tests.test_sync_control.TestOdooSyncRun" name="test_run_endpoint_requires_job_code" time="0.113" /><testcase classname="backend.tests.test_sync_control.TestOdooSyncRun" name="test_run_endpoint_accepts_mode_param" time="0.113" /><testcase classname="backend.tests.test_sync_control.TestOdooSyncRunBatch" name="test_batch_endpoint_accepts_request" time="0.113" /><testcase classname="backend.tests.test_sync_control.TestOdooSyncRunBatch" name="test_batch_endpoint_returns_job_codes" time="0.102" /><testcase classname="backend.tests.test_sync_control.TestOdooSyncRunBatch" name="test_batch_endpoint_requires_job_codes" time="0.130" /><testcase classname="backend.tests.test_sync_control.TestMacroJobCodes" name="test_clientes_macro_job_res_partner" time="1.088" /><testcase classname="backend.tests.test_sync_control.TestMacroJobCodes" name="test_ventas_macro_job_pos_orders" time="1.336" /><testcase classname="backend.tests.test_sync_control.TestMacroJobCodes" name="test_productos_macro_jobs_products_attributes" time="2.193" /><testcase classname="backend.tests.test_sync_control.TestMacroJobCodes" name="test_stock_macro_job_stock_quants" time="1.129" /><testcase classname="backend.tests.test_sync_control.TestMacroJobCodes" name="test_creditos_macro_job_ar_credit_invoices" time="1.136" /></testsuite></testsuites>