<?xml version="1.0" encoding="utf-8"?><testsuites name="pytest tests"><testsuite name="pytest" errors="0" failures="0" skipped="0" tests="12" time="23.954" timestamp="2026-02-15T14:41:08.039539+00:00" hostname="agent-env-4ea19bae-aad7-45b8-9a2a-5791e44d188c"><testcase classname="backend.tests.test_stock_archived_paneton.TestStockByProductAPI" name="test_stock_by_product_returns_active_field" time="1.523" /><testcase classname="backend.tests.test_stock_archived_paneton.TestStockByProductAPI" name="test_stock_by_product_no_paneton" time="1.656" /><testcase classname="backend.tests.test_stock_archived_paneton.TestStockByProductAPI" name="test_stock_by_product_include_archived_default_false" time="1.527" /><testcase classname="backend.tests.test_stock_archived_paneton.TestStockByProductAPI" name="test_stock_by_product_include_archived_true_param" time="1.406" /><testcase classname="backend.tests.test_stock_archived_paneton.TestStockByProductAPI" name="test_stock_by_product_returns_expected_fields" time="1.482" /><testcase classname="backend.tests.test_stock_archived_paneton.TestStockByLocationAPI" name="test_stock_by_location_returns_active_field" time="1.363" /><testcase classname="backend.tests.test_stock_archived_paneton.TestStockByLocationAPI" name="test_stock_by_location_no_paneton" time="1.722" /><testcase classname="backend.tests.test_stock_archived_paneton.TestStockByLocationAPI" name="test_stock_by_location_include_archived_default_false" time="1.461" /><testcase classname="backend.tests.test_stock_archived_paneton.TestStockByLocationAPI" name="test_stock_by_location_include_archived_true_param" time="1.410" /><testcase classname="backend.tests.test_stock_archived_paneton.TestStockByLocationAPI" name="test_stock_by_location_returns_expected_fields" time="1.926" /><testcase classname="backend.tests.test_stock_archived_paneton.TestPanetonExclusionFilter" name="test_large_sample_no_paneton_by_product" time="4.223" /><testcase classname="backend.tests.test_stock_archived_paneton.TestPanetonExclusionFilter" name="test_large_sample_no_paneton_by_location" time="4.121" /></testsuite></testsuites>