<?xml version="1.0" encoding="utf-8"?><testsuites name="pytest tests"><testsuite name="pytest" errors="0" failures="0" skipped="0" tests="11" time="15.880" timestamp="2026-02-13T08:02:53.144097+00:00" hostname="agent-env-5212e2b7-3fa3-4328-bd8f-a26e6f14c42a"><testcase classname="tests.test_stock_quants.TestStockQuantsAPI" name="test_stock_quants_pagination" time="1.391" /><testcase classname="tests.test_stock_quants.TestStockQuantsAPI" name="test_stock_quants_filter_by_product_id" time="1.084" /><testcase classname="tests.test_stock_quants.TestStockQuantsAPI" name="test_stock_quants_filter_by_location_id" time="1.321" /><testcase classname="tests.test_stock_quants.TestStockByProductAPI" name="test_stock_by_product_all" time="1.431" /><testcase classname="tests.test_stock_quants.TestStockByProductAPI" name="test_stock_by_product_only_available" time="1.602" /><testcase classname="tests.test_stock_quants.TestStockByLocationAPI" name="test_stock_by_location_all" time="1.455" /><testcase classname="tests.test_stock_quants.TestStockByLocationAPI" name="test_stock_by_location_only_available" time="1.570" /><testcase classname="tests.test_stock_quants.TestStockByLocationAPI" name="test_stock_by_location_filter_location" time="1.116" /><testcase classname="tests.test_stock_quants.TestHealthAPI" name="test_health_includes_stock_quant" time="2.685" /><testcase classname="tests.test_stock_quants.TestSyncJobsAPI" name="test_stock_quants_job_exists" time="0.944" /><testcase classname="tests.test_stock_quants.TestConnectionAPI" name="test_connection" time="1.166" /></testsuite></testsuites>